<?xml version="1.0" encoding="UTF-8"?>
<!-- Generated by org.testng.reporters.JUnitReportReporter -->
<testsuite skipped="0" hostname="Liutas-LP" name="lt.bit.test.MyLinkedListTest" tests="16" failures="0" timestamp="13 Sau 2020 08:54:02 GMT" time="0.068" errors="0">
  <testcase name="addElementsToLinkedList" time="0.020" classname="lt.bit.test.MyLinkedListTest"/>
  <testcase name="getFromAnEmptyList" time="0.004" classname="lt.bit.test.MyLinkedListTest"/>
  <testcase name="removeFromIndexTooSmall" time="0.004" classname="lt.bit.test.MyLinkedListTest"/>
  <testcase name="removeFromEmpty" time="0.002" classname="lt.bit.test.MyLinkedListTest"/>
  <testcase name="setAnItemToList" time="0.003" classname="lt.bit.test.MyLinkedListTest"/>
  <testcase name="setToIndexOfTooSmall" time="0.002" classname="lt.bit.test.MyLinkedListTest"/>
  <testcase name="getWithTooBigIndex" time="0.002" classname="lt.bit.test.MyLinkedListTest"/>
  <testcase name="toStringAnEmptyList" time="0.003" classname="lt.bit.test.MyLinkedListTest"/>
  <testcase name="getSize" time="0.001" classname="lt.bit.test.MyLinkedListTest"/>
  <testcase name="getWithTooSmallIndex" time="0.001" classname="lt.bit.test.MyLinkedListTest"/>
  <testcase name="getItemFromList" time="0.003" classname="lt.bit.test.MyLinkedListTest"/>
  <testcase name="removeFromIndexTooBig" time="0.002" classname="lt.bit.test.MyLinkedListTest"/>
  <testcase name="setToIndexOfTooBig" time="0.013" classname="lt.bit.test.MyLinkedListTest"/>
  <testcase name="removeAnItem" time="0.001" classname="lt.bit.test.MyLinkedListTest"/>
  <testcase name="createLinkedList" time="0.004" classname="lt.bit.test.MyLinkedListTest"/>
  <testcase name="setToEmpty" time="0.003" classname="lt.bit.test.MyLinkedListTest"/>
</testsuite> <!-- lt.bit.test.MyLinkedListTest -->
